{"/Users/asishmalneni/Downloads/new feature/backend/src/app.js": {"path":"/Users/asishmalneni/Downloads/new feature/backend/src/app.js","statementMap":{"0":{"start":{"line":6,"column":14},"end":{"line":6,"column":23}},"1":{"start":{"line":9,"column":2},"end":{"line":9,"column":18}},"2":{"start":{"line":10,"column":2},"end":{"line":10,"column":26}},"3":{"start":{"line":13,"column":2},"end":{"line":13,"column":36}},"4":{"start":{"line":16,"column":2},"end":{"line":18,"column":5}},"5":{"start":{"line":17,"column":4},"end":{"line":17,"column":68}},"6":{"start":{"line":21,"column":2},"end":{"line":23,"column":5}},"7":{"start":{"line":22,"column":4},"end":{"line":22,"column":71}},"8":{"start":{"line":25,"column":2},"end":{"line":25,"column":13}}},"fnMap":{"0":{"name":"createApp","decl":{"start":{"line":5,"column":16},"end":{"line":5,"column":25}},"loc":{"start":{"line":5,"column":28},"end":{"line":26,"column":1}},"line":5},"1":{"name":"(anonymous_1)","decl":{"start":{"line":16,"column":25},"end":{"line":16,"column":26}},"loc":{"start":{"line":16,"column":39},"end":{"line":18,"column":3}},"line":16},"2":{"name":"(anonymous_2)","decl":{"start":{"line":21,"column":10},"end":{"line":21,"column":11}},"loc":{"start":{"line":21,"column":24},"end":{"line":23,"column":3}},"line":21}},"branchMap":{},"s":{"0":19,"1":19,"2":19,"3":19,"4":19,"5":1,"6":19,"7":1,"8":19},"f":{"0":19,"1":1,"2":1},"b":{},"inputSourceMap":null,"_coverageSchema":"1a1c01bbd47fc00a2c39e90264f33305004495a9","hash":"a99472f2ce0a7f58bd82bfd16096fb4d00934ebf"}
,"/Users/asishmalneni/Downloads/new feature/backend/src/database.js": {"path":"/Users/asishmalneni/Downloads/new feature/backend/src/database.js","statementMap":{"0":{"start":{"line":5,"column":19},"end":{"line":5,"column":49}},"1":{"start":{"line":6,"column":18},"end":{"line":6,"column":37}},"2":{"start":{"line":11,"column":15},"end":{"line":11,"column":58}},"3":{"start":{"line":12,"column":2},"end":{"line":12,"column":26}},"4":{"start":{"line":15,"column":2},"end":{"line":24,"column":5}},"5":{"start":{"line":26,"column":2},"end":{"line":26,"column":12}},"6":{"start":{"line":30,"column":2},"end":{"line":32,"column":3}},"7":{"start":{"line":31,"column":4},"end":{"line":31,"column":19}},"8":{"start":{"line":33,"column":2},"end":{"line":33,"column":12}},"9":{"start":{"line":37,"column":2},"end":{"line":40,"column":3}},"10":{"start":{"line":38,"column":4},"end":{"line":38,"column":15}},"11":{"start":{"line":39,"column":4},"end":{"line":39,"column":14}}},"fnMap":{"0":{"name":"initDatabase","decl":{"start":{"line":10,"column":16},"end":{"line":10,"column":28}},"loc":{"start":{"line":10,"column":44},"end":{"line":27,"column":1}},"line":10},"1":{"name":"getDatabase","decl":{"start":{"line":29,"column":16},"end":{"line":29,"column":27}},"loc":{"start":{"line":29,"column":30},"end":{"line":34,"column":1}},"line":29},"2":{"name":"closeDatabase","decl":{"start":{"line":36,"column":16},"end":{"line":36,"column":29}},"loc":{"start":{"line":36,"column":32},"end":{"line":41,"column":1}},"line":36}},"branchMap":{"0":{"loc":{"start":{"line":10,"column":29},"end":{"line":10,"column":42}},"type":"default-arg","locations":[{"start":{"line":10,"column":38},"end":{"line":10,"column":42}}],"line":10},"1":{"loc":{"start":{"line":11,"column":15},"end":{"line":11,"column":58}},"type":"binary-expr","locations":[{"start":{"line":11,"column":15},"end":{"line":11,"column":21}},{"start":{"line":11,"column":25},"end":{"line":11,"column":58}}],"line":11},"2":{"loc":{"start":{"line":30,"column":2},"end":{"line":32,"column":3}},"type":"if","locations":[{"start":{"line":30,"column":2},"end":{"line":32,"column":3}},{"start":{},"end":{}}],"line":30},"3":{"loc":{"start":{"line":37,"column":2},"end":{"line":40,"column":3}},"type":"if","locations":[{"start":{"line":37,"column":2},"end":{"line":40,"column":3}},{"start":{},"end":{}}],"line":37}},"s":{"0":2,"1":2,"2":37,"3":37,"4":37,"5":37,"6":81,"7":0,"8":81,"9":37,"10":37,"11":37},"f":{"0":37,"1":81,"2":37},"b":{"0":[0],"1":[37,0],"2":[0,81],"3":[37,0]},"inputSourceMap":null,"_coverageSchema":"1a1c01bbd47fc00a2c39e90264f33305004495a9","hash":"cfb5623df05b54eb2360f3ba525917b83e47af72"}
,"/Users/asishmalneni/Downloads/new feature/backend/src/models/task.js": {"path":"/Users/asishmalneni/Downloads/new feature/backend/src/models/task.js","statementMap":{"0":{"start":{"line":6,"column":15},"end":{"line":6,"column":28}},"1":{"start":{"line":7,"column":15},"end":{"line":7,"column":23}},"2":{"start":{"line":8,"column":16},"end":{"line":8,"column":40}},"3":{"start":{"line":10,"column":17},"end":{"line":13,"column":6}},"4":{"start":{"line":15,"column":4},"end":{"line":15,"column":55}},"5":{"start":{"line":17,"column":4},"end":{"line":17,"column":78}},"6":{"start":{"line":21,"column":15},"end":{"line":21,"column":28}},"7":{"start":{"line":22,"column":16},"end":{"line":22,"column":37}},"8":{"start":{"line":23,"column":19},"end":{"line":23,"column":21}},"9":{"start":{"line":25,"column":4},"end":{"line":28,"column":5}},"10":{"start":{"line":26,"column":6},"end":{"line":26,"column":35}},"11":{"start":{"line":27,"column":6},"end":{"line":27,"column":34}},"12":{"start":{"line":30,"column":4},"end":{"line":30,"column":40}},"13":{"start":{"line":32,"column":17},"end":{"line":32,"column":34}},"14":{"start":{"line":33,"column":4},"end":{"line":33,"column":31}},"15":{"start":{"line":37,"column":15},"end":{"line":37,"column":28}},"16":{"start":{"line":38,"column":17},"end":{"line":38,"column":63}},"17":{"start":{"line":39,"column":4},"end":{"line":39,"column":24}},"18":{"start":{"line":43,"column":15},"end":{"line":43,"column":28}},"19":{"start":{"line":44,"column":17},"end":{"line":44,"column":34}},"20":{"start":{"line":46,"column":4},"end":{"line":48,"column":5}},"21":{"start":{"line":47,"column":6},"end":{"line":47,"column":18}},"22":{"start":{"line":50,"column":22},"end":{"line":50,"column":46}},"23":{"start":{"line":51,"column":19},"end":{"line":51,"column":21}},"24":{"start":{"line":52,"column":19},"end":{"line":52,"column":21}},"25":{"start":{"line":54,"column":4},"end":{"line":57,"column":5}},"26":{"start":{"line":55,"column":6},"end":{"line":55,"column":31}},"27":{"start":{"line":56,"column":6},"end":{"line":56,"column":33}},"28":{"start":{"line":59,"column":4},"end":{"line":62,"column":5}},"29":{"start":{"line":60,"column":6},"end":{"line":60,"column":37}},"30":{"start":{"line":61,"column":6},"end":{"line":61,"column":39}},"31":{"start":{"line":64,"column":4},"end":{"line":67,"column":5}},"32":{"start":{"line":65,"column":6},"end":{"line":65,"column":32}},"33":{"start":{"line":66,"column":6},"end":{"line":66,"column":34}},"34":{"start":{"line":69,"column":4},"end":{"line":69,"column":33}},"35":{"start":{"line":70,"column":4},"end":{"line":70,"column":27}},"36":{"start":{"line":71,"column":4},"end":{"line":71,"column":20}},"37":{"start":{"line":73,"column":17},"end":{"line":75,"column":6}},"38":{"start":{"line":77,"column":4},"end":{"line":77,"column":24}},"39":{"start":{"line":79,"column":4},"end":{"line":79,"column":29}},"40":{"start":{"line":83,"column":15},"end":{"line":83,"column":28}},"41":{"start":{"line":84,"column":17},"end":{"line":84,"column":61}},"42":{"start":{"line":85,"column":19},"end":{"line":85,"column":31}},"43":{"start":{"line":86,"column":4},"end":{"line":86,"column":30}},"44":{"start":{"line":90,"column":15},"end":{"line":90,"column":28}},"45":{"start":{"line":91,"column":17},"end":{"line":91,"column":48}},"46":{"start":{"line":92,"column":4},"end":{"line":92,"column":22}}},"fnMap":{"0":{"name":"(anonymous_0)","decl":{"start":{"line":5,"column":2},"end":{"line":5,"column":3}},"loc":{"start":{"line":5,"column":60},"end":{"line":18,"column":3}},"line":5},"1":{"name":"(anonymous_1)","decl":{"start":{"line":20,"column":2},"end":{"line":20,"column":3}},"loc":{"start":{"line":20,"column":31},"end":{"line":34,"column":3}},"line":20},"2":{"name":"(anonymous_2)","decl":{"start":{"line":36,"column":2},"end":{"line":36,"column":3}},"loc":{"start":{"line":36,"column":22},"end":{"line":40,"column":3}},"line":36},"3":{"name":"(anonymous_3)","decl":{"start":{"line":42,"column":2},"end":{"line":42,"column":3}},"loc":{"start":{"line":42,"column":29},"end":{"line":80,"column":3}},"line":42},"4":{"name":"(anonymous_4)","decl":{"start":{"line":82,"column":2},"end":{"line":82,"column":3}},"loc":{"start":{"line":82,"column":20},"end":{"line":87,"column":3}},"line":82},"5":{"name":"(anonymous_5)","decl":{"start":{"line":89,"column":2},"end":{"line":89,"column":3}},"loc":{"start":{"line":89,"column":21},"end":{"line":93,"column":3}},"line":89}},"branchMap":{"0":{"loc":{"start":{"line":5,"column":38},"end":{"line":5,"column":56}},"type":"default-arg","locations":[{"start":{"line":5,"column":47},"end":{"line":5,"column":56}}],"line":5},"1":{"loc":{"start":{"line":20,"column":17},"end":{"line":20,"column":29}},"type":"default-arg","locations":[{"start":{"line":20,"column":27},"end":{"line":20,"column":29}}],"line":20},"2":{"loc":{"start":{"line":25,"column":4},"end":{"line":28,"column":5}},"type":"if","locations":[{"start":{"line":25,"column":4},"end":{"line":28,"column":5}},{"start":{},"end":{}}],"line":25},"3":{"loc":{"start":{"line":46,"column":4},"end":{"line":48,"column":5}},"type":"if","locations":[{"start":{"line":46,"column":4},"end":{"line":48,"column":5}},{"start":{},"end":{}}],"line":46},"4":{"loc":{"start":{"line":54,"column":4},"end":{"line":57,"column":5}},"type":"if","locations":[{"start":{"line":54,"column":4},"end":{"line":57,"column":5}},{"start":{},"end":{}}],"line":54},"5":{"loc":{"start":{"line":59,"column":4},"end":{"line":62,"column":5}},"type":"if","locations":[{"start":{"line":59,"column":4},"end":{"line":62,"column":5}},{"start":{},"end":{}}],"line":59},"6":{"loc":{"start":{"line":64,"column":4},"end":{"line":67,"column":5}},"type":"if","locations":[{"start":{"line":64,"column":4},"end":{"line":67,"column":5}},{"start":{},"end":{}}],"line":64}},"s":{"0":34,"1":34,"2":34,"3":34,"4":34,"5":34,"6":9,"7":9,"8":9,"9":9,"10":2,"11":2,"12":9,"13":9,"14":9,"15":23,"16":23,"17":23,"18":10,"19":10,"20":10,"21":2,"22":8,"23":8,"24":8,"25":8,"26":5,"27":5,"28":8,"29":3,"30":3,"31":8,"32":4,"33":4,"34":8,"35":8,"36":8,"37":8,"38":8,"39":8,"40":4,"41":4,"42":4,"43":4,"44":1,"45":1,"46":1},"f":{"0":34,"1":9,"2":23,"3":10,"4":4,"5":1},"b":{"0":[27],"1":[5],"2":[2,7],"3":[2,8],"4":[5,3],"5":[3,5],"6":[4,4]},"inputSourceMap":null,"_coverageSchema":"1a1c01bbd47fc00a2c39e90264f33305004495a9","hash":"44de2bac7a520d731e6de33971c07b5e5e3ceeee"}
,"/Users/asishmalneni/Downloads/new feature/backend/src/routes/tasks.js": {"path":"/Users/asishmalneni/Downloads/new feature/backend/src/routes/tasks.js","statementMap":{"0":{"start":{"line":4,"column":15},"end":{"line":4,"column":31}},"1":{"start":{"line":7,"column":0},"end":{"line":16,"column":3}},"2":{"start":{"line":8,"column":2},"end":{"line":15,"column":3}},"3":{"start":{"line":9,"column":23},"end":{"line":9,"column":32}},"4":{"start":{"line":10,"column":20},"end":{"line":10,"column":44}},"5":{"start":{"line":11,"column":18},"end":{"line":11,"column":39}},"6":{"start":{"line":12,"column":4},"end":{"line":12,"column":45}},"7":{"start":{"line":14,"column":4},"end":{"line":14,"column":67}},"8":{"start":{"line":19,"column":0},"end":{"line":31,"column":3}},"9":{"start":{"line":20,"column":2},"end":{"line":30,"column":3}},"10":{"start":{"line":21,"column":17},"end":{"line":21,"column":45}},"11":{"start":{"line":23,"column":4},"end":{"line":25,"column":5}},"12":{"start":{"line":24,"column":6},"end":{"line":24,"column":79}},"13":{"start":{"line":27,"column":4},"end":{"line":27,"column":44}},"14":{"start":{"line":29,"column":4},"end":{"line":29,"column":67}},"15":{"start":{"line":34,"column":0},"end":{"line":54,"column":3}},"16":{"start":{"line":35,"column":2},"end":{"line":53,"column":3}},"17":{"start":{"line":36,"column":43},"end":{"line":36,"column":51}},"18":{"start":{"line":38,"column":4},"end":{"line":40,"column":5}},"19":{"start":{"line":39,"column":6},"end":{"line":39,"column":82}},"20":{"start":{"line":42,"column":4},"end":{"line":47,"column":5}},"21":{"start":{"line":43,"column":6},"end":{"line":46,"column":9}},"22":{"start":{"line":49,"column":17},"end":{"line":49,"column":60}},"23":{"start":{"line":50,"column":4},"end":{"line":50,"column":56}},"24":{"start":{"line":52,"column":4},"end":{"line":52,"column":67}},"25":{"start":{"line":57,"column":0},"end":{"line":83,"column":3}},"26":{"start":{"line":58,"column":2},"end":{"line":82,"column":3}},"27":{"start":{"line":59,"column":43},"end":{"line":59,"column":51}},"28":{"start":{"line":61,"column":4},"end":{"line":66,"column":5}},"29":{"start":{"line":62,"column":6},"end":{"line":65,"column":9}},"30":{"start":{"line":68,"column":20},"end":{"line":68,"column":22}},"31":{"start":{"line":69,"column":4},"end":{"line":69,"column":51}},"32":{"start":{"line":69,"column":29},"end":{"line":69,"column":51}},"33":{"start":{"line":70,"column":4},"end":{"line":70,"column":69}},"34":{"start":{"line":70,"column":35},"end":{"line":70,"column":69}},"35":{"start":{"line":71,"column":4},"end":{"line":71,"column":54}},"36":{"start":{"line":71,"column":30},"end":{"line":71,"column":54}},"37":{"start":{"line":73,"column":17},"end":{"line":73,"column":52}},"38":{"start":{"line":75,"column":4},"end":{"line":77,"column":5}},"39":{"start":{"line":76,"column":6},"end":{"line":76,"column":79}},"40":{"start":{"line":79,"column":4},"end":{"line":79,"column":44}},"41":{"start":{"line":81,"column":4},"end":{"line":81,"column":67}},"42":{"start":{"line":86,"column":0},"end":{"line":98,"column":3}},"43":{"start":{"line":87,"column":2},"end":{"line":97,"column":3}},"44":{"start":{"line":88,"column":20},"end":{"line":88,"column":46}},"45":{"start":{"line":90,"column":4},"end":{"line":92,"column":5}},"46":{"start":{"line":91,"column":6},"end":{"line":91,"column":79}},"47":{"start":{"line":94,"column":4},"end":{"line":94,"column":70}},"48":{"start":{"line":96,"column":4},"end":{"line":96,"column":67}}},"fnMap":{"0":{"name":"(anonymous_0)","decl":{"start":{"line":7,"column":16},"end":{"line":7,"column":17}},"loc":{"start":{"line":7,"column":30},"end":{"line":16,"column":1}},"line":7},"1":{"name":"(anonymous_1)","decl":{"start":{"line":19,"column":19},"end":{"line":19,"column":20}},"loc":{"start":{"line":19,"column":33},"end":{"line":31,"column":1}},"line":19},"2":{"name":"(anonymous_2)","decl":{"start":{"line":34,"column":17},"end":{"line":34,"column":18}},"loc":{"start":{"line":34,"column":31},"end":{"line":54,"column":1}},"line":34},"3":{"name":"(anonymous_3)","decl":{"start":{"line":57,"column":19},"end":{"line":57,"column":20}},"loc":{"start":{"line":57,"column":33},"end":{"line":83,"column":1}},"line":57},"4":{"name":"(anonymous_4)","decl":{"start":{"line":86,"column":22},"end":{"line":86,"column":23}},"loc":{"start":{"line":86,"column":36},"end":{"line":98,"column":1}},"line":86}},"branchMap":{"0":{"loc":{"start":{"line":10,"column":20},"end":{"line":10,"column":44}},"type":"cond-expr","locations":[{"start":{"line":10,"column":29},"end":{"line":10,"column":39}},{"start":{"line":10,"column":42},"end":{"line":10,"column":44}}],"line":10},"1":{"loc":{"start":{"line":23,"column":4},"end":{"line":25,"column":5}},"type":"if","locations":[{"start":{"line":23,"column":4},"end":{"line":25,"column":5}},{"start":{},"end":{}}],"line":23},"2":{"loc":{"start":{"line":38,"column":4},"end":{"line":40,"column":5}},"type":"if","locations":[{"start":{"line":38,"column":4},"end":{"line":40,"column":5}},{"start":{},"end":{}}],"line":38},"3":{"loc":{"start":{"line":38,"column":8},"end":{"line":38,"column":37}},"type":"binary-expr","locations":[{"start":{"line":38,"column":8},"end":{"line":38,"column":14}},{"start":{"line":38,"column":18},"end":{"line":38,"column":37}}],"line":38},"4":{"loc":{"start":{"line":42,"column":4},"end":{"line":47,"column":5}},"type":"if","locations":[{"start":{"line":42,"column":4},"end":{"line":47,"column":5}},{"start":{},"end":{}}],"line":42},"5":{"loc":{"start":{"line":42,"column":8},"end":{"line":42,"column":75}},"type":"binary-expr","locations":[{"start":{"line":42,"column":8},"end":{"line":42,"column":14}},{"start":{"line":42,"column":18},"end":{"line":42,"column":75}}],"line":42},"6":{"loc":{"start":{"line":61,"column":4},"end":{"line":66,"column":5}},"type":"if","locations":[{"start":{"line":61,"column":4},"end":{"line":66,"column":5}},{"start":{},"end":{}}],"line":61},"7":{"loc":{"start":{"line":61,"column":8},"end":{"line":61,"column":75}},"type":"binary-expr","locations":[{"start":{"line":61,"column":8},"end":{"line":61,"column":14}},{"start":{"line":61,"column":18},"end":{"line":61,"column":75}}],"line":61},"8":{"loc":{"start":{"line":69,"column":4},"end":{"line":69,"column":51}},"type":"if","locations":[{"start":{"line":69,"column":4},"end":{"line":69,"column":51}},{"start":{},"end":{}}],"line":69},"9":{"loc":{"start":{"line":70,"column":4},"end":{"line":70,"column":69}},"type":"if","locations":[{"start":{"line":70,"column":4},"end":{"line":70,"column":69}},{"start":{},"end":{}}],"line":70},"10":{"loc":{"start":{"line":71,"column":4},"end":{"line":71,"column":54}},"type":"if","locations":[{"start":{"line":71,"column":4},"end":{"line":71,"column":54}},{"start":{},"end":{}}],"line":71},"11":{"loc":{"start":{"line":75,"column":4},"end":{"line":77,"column":5}},"type":"if","locations":[{"start":{"line":75,"column":4},"end":{"line":77,"column":5}},{"start":{},"end":{}}],"line":75},"12":{"loc":{"start":{"line":90,"column":4},"end":{"line":92,"column":5}},"type":"if","locations":[{"start":{"line":90,"column":4},"end":{"line":92,"column":5}},{"start":{},"end":{}}],"line":90}},"s":{"0":1,"1":1,"2":3,"3":3,"4":3,"5":3,"6":3,"7":0,"8":1,"9":2,"10":2,"11":2,"12":1,"13":1,"14":0,"15":1,"16":5,"17":5,"18":5,"19":2,"20":3,"21":1,"22":2,"23":2,"24":0,"25":1,"26":5,"27":5,"28":5,"29":1,"30":4,"31":4,"32":3,"33":4,"34":1,"35":4,"36":2,"37":4,"38":4,"39":1,"40":3,"41":0,"42":1,"43":2,"44":2,"45":2,"46":1,"47":1,"48":0},"f":{"0":3,"1":2,"2":5,"3":5,"4":2},"b":{"0":[1,2],"1":[1,1],"2":[2,3],"3":[5,4],"4":[1,2],"5":[3,2],"6":[1,4],"7":[5,3],"8":[3,1],"9":[1,3],"10":[2,2],"11":[1,3],"12":[1,1]},"inputSourceMap":null,"_coverageSchema":"1a1c01bbd47fc00a2c39e90264f33305004495a9","hash":"23537992d086d0ef7ea65469d0761d416b201d22"}
}
