TN:
SF:src/app.js
FN:5,createApp
FN:16,(anonymous_1)
FN:21,(anonymous_2)
FNF:3
FNH:3
FNDA:19,createApp
FNDA:1,(anonymous_1)
FNDA:1,(anonymous_2)
DA:6,19
DA:9,19
DA:10,19
DA:13,19
DA:16,19
DA:17,1
DA:21,19
DA:22,1
DA:25,19
LF:9
LH:9
BRF:0
BRH:0
end_of_record
TN:
SF:src/database.js
FN:10,initDatabase
FN:29,getDatabase
FN:36,closeDatabase
FNF:3
FNH:3
FNDA:37,initDatabase
FNDA:81,getDatabase
FNDA:37,closeDatabase
DA:5,2
DA:6,2
DA:11,37
DA:12,37
DA:15,37
DA:26,37
DA:30,81
DA:31,0
DA:33,81
DA:37,37
DA:38,37
DA:39,37
LF:12
LH:11
BRDA:10,0,0,0
BRDA:11,1,0,37
BRDA:11,1,1,0
BRDA:30,2,0,0
BRDA:30,2,1,81
BRDA:37,3,0,37
BRDA:37,3,1,0
BRF:7
BRH:3
end_of_record
TN:
SF:src/models/task.js
FN:5,(anonymous_0)
FN:20,(anonymous_1)
FN:36,(anonymous_2)
FN:42,(anonymous_3)
FN:82,(anonymous_4)
FN:89,(anonymous_5)
FNF:6
FNH:6
FNDA:34,(anonymous_0)
FNDA:9,(anonymous_1)
FNDA:23,(anonymous_2)
FNDA:10,(anonymous_3)
FNDA:4,(anonymous_4)
FNDA:1,(anonymous_5)
DA:6,34
DA:7,34
DA:8,34
DA:10,34
DA:15,34
DA:17,34
DA:21,9
DA:22,9
DA:23,9
DA:25,9
DA:26,2
DA:27,2
DA:30,9
DA:32,9
DA:33,9
DA:37,23
DA:38,23
DA:39,23
DA:43,10
DA:44,10
DA:46,10
DA:47,2
DA:50,8
DA:51,8
DA:52,8
DA:54,8
DA:55,5
DA:56,5
DA:59,8
DA:60,3
DA:61,3
DA:64,8
DA:65,4
DA:66,4
DA:69,8
DA:70,8
DA:71,8
DA:73,8
DA:77,8
DA:79,8
DA:83,4
DA:84,4
DA:85,4
DA:86,4
DA:90,1
DA:91,1
DA:92,1
LF:47
LH:47
BRDA:5,0,0,27
BRDA:20,1,0,5
BRDA:25,2,0,2
BRDA:25,2,1,7
BRDA:46,3,0,2
BRDA:46,3,1,8
BRDA:54,4,0,5
BRDA:54,4,1,3
BRDA:59,5,0,3
BRDA:59,5,1,5
BRDA:64,6,0,4
BRDA:64,6,1,4
BRF:12
BRH:12
end_of_record
TN:
SF:src/routes/tasks.js
FN:7,(anonymous_0)
FN:19,(anonymous_1)
FN:34,(anonymous_2)
FN:57,(anonymous_3)
FN:86,(anonymous_4)
FNF:5
FNH:5
FNDA:3,(anonymous_0)
FNDA:2,(anonymous_1)
FNDA:5,(anonymous_2)
FNDA:5,(anonymous_3)
FNDA:2,(anonymous_4)
DA:4,1
DA:7,1
DA:8,3
DA:9,3
DA:10,3
DA:11,3
DA:12,3
DA:14,0
DA:19,1
DA:20,2
DA:21,2
DA:23,2
DA:24,1
DA:27,1
DA:29,0
DA:34,1
DA:35,5
DA:36,5
DA:38,5
DA:39,2
DA:42,3
DA:43,1
DA:49,2
DA:50,2
DA:52,0
DA:57,1
DA:58,5
DA:59,5
DA:61,5
DA:62,1
DA:68,4
DA:69,4
DA:70,4
DA:71,4
DA:73,4
DA:75,4
DA:76,1
DA:79,3
DA:81,0
DA:86,1
DA:87,2
DA:88,2
DA:90,2
DA:91,1
DA:94,1
DA:96,0
LF:46
LH:41
BRDA:10,0,0,1
BRDA:10,0,1,2
BRDA:23,1,0,1
BRDA:23,1,1,1
BRDA:38,2,0,2
BRDA:38,2,1,3
BRDA:38,3,0,5
BRDA:38,3,1,4
BRDA:42,4,0,1
BRDA:42,4,1,2
BRDA:42,5,0,3
BRDA:42,5,1,2
BRDA:61,6,0,1
BRDA:61,6,1,4
BRDA:61,7,0,5
BRDA:61,7,1,3
BRDA:69,8,0,3
BRDA:69,8,1,1
BRDA:70,9,0,1
BRDA:70,9,1,3
BRDA:71,10,0,2
BRDA:71,10,1,2
BRDA:75,11,0,1
BRDA:75,11,1,3
BRDA:90,12,0,1
BRDA:90,12,1,1
BRF:26
BRH:26
end_of_record
